00:48:46:716  INFO 2312 --- [main] com.hmall.cart.CartApplication           : Starting CartApplication using Java 21.0.2 on LAPTOP-19QE0TGJ with PID 2312 (D:\bobosenses\hmall\cart-service\target\classes started by 46339 in D:\bobosenses\hmall)
00:48:46:731 DEBUG 2312 --- [main] com.hmall.cart.CartApplication           : Running with Spring Boot v2.7.12, Spring v5.3.27
00:48:46:732  INFO 2312 --- [main] com.hmall.cart.CartApplication           : The following 1 profile is active: "local"
00:48:48:120  INFO 2312 --- [main] o.s.cloud.context.scope.GenericScope     : BeanFactory id=00630d92-75d3-3da6-a6e7-582c8d33a0d0
00:48:48:588  INFO 2312 --- [main] o.s.b.w.embedded.tomcat.TomcatWebServer  : Tomcat initialized with port(s): 8082 (http)
00:48:48:611  INFO 2312 --- [main] o.apache.catalina.core.StandardService   : Starting service [Tomcat]
00:48:48:611  INFO 2312 --- [main] org.apache.catalina.core.StandardEngine  : Starting Servlet engine: [Apache Tomcat/9.0.75]
00:48:48:748  INFO 2312 --- [main] o.a.c.c.C.[Tomcat].[localhost].[/]       : Initializing Spring embedded WebApplicationContext
00:48:48:748  INFO 2312 --- [main] w.s.c.ServletWebServerApplicationContext : Root WebApplicationContext: initialization completed in 1918 ms
00:48:48:976  INFO 2312 --- [main] o.s.c.openfeign.FeignClientFactoryBean   : For 'item-service' URL not provided. Will try picking an instance via load-balancing.
00:48:49:844  INFO 2312 --- [main] pertySourcedRequestMappingHandlerMapping : Mapped URL path [/v2/api-docs] onto method [springfox.documentation.swagger2.web.Swagger2ControllerWebMvc#getDocumentation(String, HttpServletRequest)]
00:48:50:063  INFO 2312 --- [main] com.alibaba.nacos.common.remote.client   : [RpcClientFactory] create a new rpc client of 99ac095e-298d-4043-bce0-f4297f53b568
00:48:50:126  INFO 2312 --- [main] org.reflections.Reflections              : Reflections took 31 ms to scan 1 urls, producing 3 keys and 6 values 
00:48:50:161  INFO 2312 --- [main] org.reflections.Reflections              : Reflections took 21 ms to scan 1 urls, producing 4 keys and 9 values 
00:48:50:175  INFO 2312 --- [main] org.reflections.Reflections              : Reflections took 11 ms to scan 1 urls, producing 3 keys and 10 values 
00:48:50:177  WARN 2312 --- [main] org.reflections.Reflections              : given scan urls are empty. set urls in the configuration
00:48:50:187  INFO 2312 --- [main] org.reflections.Reflections              : Reflections took 9 ms to scan 1 urls, producing 1 keys and 5 values 
00:48:50:198  INFO 2312 --- [main] org.reflections.Reflections              : Reflections took 9 ms to scan 1 urls, producing 1 keys and 7 values 
00:48:50:211  INFO 2312 --- [main] org.reflections.Reflections              : Reflections took 10 ms to scan 1 urls, producing 2 keys and 8 values 
00:48:50:213  WARN 2312 --- [main] org.reflections.Reflections              : given scan urls are empty. set urls in the configuration
00:48:50:213  INFO 2312 --- [main] com.alibaba.nacos.common.remote.client   : [99ac095e-298d-4043-bce0-f4297f53b568] RpcClient init label, labels = {module=naming, source=sdk}
00:48:50:215  INFO 2312 --- [main] com.alibaba.nacos.common.remote.client   : [99ac095e-298d-4043-bce0-f4297f53b568] RpcClient init, ServerListFactory = com.alibaba.nacos.client.naming.core.ServerListManager
00:48:50:215  INFO 2312 --- [main] com.alibaba.nacos.common.remote.client   : [99ac095e-298d-4043-bce0-f4297f53b568] Registry connection listener to current client:com.alibaba.nacos.client.naming.remote.gprc.redo.NamingGrpcRedoService
00:48:50:216  INFO 2312 --- [main] com.alibaba.nacos.common.remote.client   : [99ac095e-298d-4043-bce0-f4297f53b568] Register server push request handler:com.alibaba.nacos.client.naming.remote.gprc.NamingPushRequestHandler
00:48:50:217  INFO 2312 --- [main] com.alibaba.nacos.common.remote.client   : [99ac095e-298d-4043-bce0-f4297f53b568] Try to connect to server on start up, server: {serverIp = '192.168.204.130', server main port = 8848}
00:48:50:958  INFO 2312 --- [main] com.alibaba.nacos.common.remote.client   : [99ac095e-298d-4043-bce0-f4297f53b568] Success to connect to server [192.168.204.130:8848] on start up, connectionId = 1717473869404_192.168.204.1_7952
00:48:50:958  INFO 2312 --- [com.alibaba.nacos.client.remote.worker] com.alibaba.nacos.common.remote.client   : [99ac095e-298d-4043-bce0-f4297f53b568] Notify connected event to listeners.
00:48:50:959  INFO 2312 --- [main] com.alibaba.nacos.common.remote.client   : [99ac095e-298d-4043-bce0-f4297f53b568] Register server push request handler:com.alibaba.nacos.common.remote.client.RpcClient$ConnectResetRequestHandler
00:48:50:959  INFO 2312 --- [main] com.alibaba.nacos.common.remote.client   : [99ac095e-298d-4043-bce0-f4297f53b568] Register server push request handler:com.alibaba.nacos.common.remote.client.RpcClient$$Lambda/0x00000199017d2918
00:48:51:019  INFO 2312 --- [main] o.s.b.w.embedded.tomcat.TomcatWebServer  : Tomcat started on port(s): 8082 (http) with context path ''
00:48:51:038  INFO 2312 --- [main] c.a.c.n.registry.NacosServiceRegistry    : nacos registry, DEFAULT_GROUP cart-service 192.168.204.1:8082 register finished
00:48:51:041  INFO 2312 --- [main] d.s.w.p.DocumentationPluginsBootstrapper : Documentation plugins bootstrapped
00:48:51:043  INFO 2312 --- [main] d.s.w.p.DocumentationPluginsBootstrapper : Found 1 custom documentation plugin(s)
00:48:51:070  INFO 2312 --- [main] s.d.s.w.s.ApiListingReferenceScanner     : Scanning for api listing references
00:48:51:173  INFO 2312 --- [main] com.hmall.cart.CartApplication           : Started CartApplication in 5.359 seconds (JVM running for 6.472)
00:48:51:510  INFO 2312 --- [nacos-grpc-client-executor-8] com.alibaba.nacos.common.remote.client   : [99ac095e-298d-4043-bce0-f4297f53b568] Receive server push request, request = NotifySubscriberRequest, requestId = 21
00:48:51:521  INFO 2312 --- [nacos-grpc-client-executor-8] com.alibaba.nacos.common.remote.client   : [99ac095e-298d-4043-bce0-f4297f53b568] Ack server push request, request = NotifySubscriberRequest, requestId = 21
00:49:02:310  INFO 2312 --- [http-nio-8082-exec-1] o.a.c.c.C.[Tomcat].[localhost].[/]       : Initializing Spring DispatcherServlet 'dispatcherServlet'
00:49:02:311  INFO 2312 --- [http-nio-8082-exec-1] o.s.web.servlet.DispatcherServlet        : Initializing Servlet 'dispatcherServlet'
00:49:02:312  INFO 2312 --- [http-nio-8082-exec-1] o.s.web.servlet.DispatcherServlet        : Completed initialization in 1 ms
00:49:14:351  INFO 2312 --- [http-nio-8082-exec-3] com.zaxxer.hikari.HikariDataSource       : HikariPool-1 - Starting...
00:49:14:738  INFO 2312 --- [http-nio-8082-exec-3] com.zaxxer.hikari.HikariDataSource       : HikariPool-1 - Start completed.
00:49:14:747 DEBUG 2312 --- [http-nio-8082-exec-3] c.h.cart.mapper.CartMapper.selectList    : ==>  Preparing: SELECT id,user_id,item_id,num,name,spec,price,image,create_time,update_time FROM cart WHERE (user_id = ?)
00:49:14:776 DEBUG 2312 --- [http-nio-8082-exec-3] c.h.cart.mapper.CartMapper.selectList    : ==> Parameters: 1(Long)
00:49:14:844 DEBUG 2312 --- [http-nio-8082-exec-3] c.h.cart.mapper.CartMapper.selectList    : <==      Total: 1
00:49:15:496  INFO 2312 --- [nacos-grpc-client-executor-15] com.alibaba.nacos.common.remote.client   : [99ac095e-298d-4043-bce0-f4297f53b568] Receive server push request, request = NotifySubscriberRequest, requestId = 22
00:49:15:497  INFO 2312 --- [nacos-grpc-client-executor-15] com.alibaba.nacos.common.remote.client   : [99ac095e-298d-4043-bce0-f4297f53b568] Ack server push request, request = NotifySubscriberRequest, requestId = 22
00:49:27:460 DEBUG 2312 --- [http-nio-8082-exec-6] c.h.cart.mapper.CartMapper.selectList    : ==>  Preparing: SELECT id,user_id,item_id,num,name,spec,price,image,create_time,update_time FROM cart WHERE (user_id = ?)
00:49:27:460 DEBUG 2312 --- [http-nio-8082-exec-6] c.h.cart.mapper.CartMapper.selectList    : ==> Parameters: 1(Long)
00:49:27:463 DEBUG 2312 --- [http-nio-8082-exec-6] c.h.cart.mapper.CartMapper.selectList    : <==      Total: 1
00:49:28:615 DEBUG 2312 --- [http-nio-8082-exec-10] c.h.cart.mapper.CartMapper.selectList    : ==>  Preparing: SELECT id,user_id,item_id,num,name,spec,price,image,create_time,update_time FROM cart WHERE (user_id = ?)
00:49:28:616 DEBUG 2312 --- [http-nio-8082-exec-10] c.h.cart.mapper.CartMapper.selectList    : ==> Parameters: 1(Long)
00:49:28:622 DEBUG 2312 --- [http-nio-8082-exec-10] c.h.cart.mapper.CartMapper.selectList    : <==      Total: 1
00:49:29:366 DEBUG 2312 --- [http-nio-8082-exec-8] c.h.cart.mapper.CartMapper.selectList    : ==>  Preparing: SELECT id,user_id,item_id,num,name,spec,price,image,create_time,update_time FROM cart WHERE (user_id = ?)
00:49:29:367 DEBUG 2312 --- [http-nio-8082-exec-8] c.h.cart.mapper.CartMapper.selectList    : ==> Parameters: 1(Long)
00:49:29:369 DEBUG 2312 --- [http-nio-8082-exec-8] c.h.cart.mapper.CartMapper.selectList    : <==      Total: 1
00:49:30:045 DEBUG 2312 --- [http-nio-8082-exec-9] c.h.cart.mapper.CartMapper.selectList    : ==>  Preparing: SELECT id,user_id,item_id,num,name,spec,price,image,create_time,update_time FROM cart WHERE (user_id = ?)
00:49:30:046 DEBUG 2312 --- [http-nio-8082-exec-9] c.h.cart.mapper.CartMapper.selectList    : ==> Parameters: 1(Long)
00:49:30:048 DEBUG 2312 --- [http-nio-8082-exec-9] c.h.cart.mapper.CartMapper.selectList    : <==      Total: 1
00:49:30:673 DEBUG 2312 --- [http-nio-8082-exec-7] c.h.cart.mapper.CartMapper.selectList    : ==>  Preparing: SELECT id,user_id,item_id,num,name,spec,price,image,create_time,update_time FROM cart WHERE (user_id = ?)
00:49:30:674 DEBUG 2312 --- [http-nio-8082-exec-7] c.h.cart.mapper.CartMapper.selectList    : ==> Parameters: 1(Long)
00:49:30:675 DEBUG 2312 --- [http-nio-8082-exec-7] c.h.cart.mapper.CartMapper.selectList    : <==      Total: 1
00:49:31:609 DEBUG 2312 --- [http-nio-8082-exec-1] c.h.cart.mapper.CartMapper.selectList    : ==>  Preparing: SELECT id,user_id,item_id,num,name,spec,price,image,create_time,update_time FROM cart WHERE (user_id = ?)
00:49:31:609 DEBUG 2312 --- [http-nio-8082-exec-1] c.h.cart.mapper.CartMapper.selectList    : ==> Parameters: 1(Long)
00:49:31:611 DEBUG 2312 --- [http-nio-8082-exec-1] c.h.cart.mapper.CartMapper.selectList    : <==      Total: 1
00:49:32:162 DEBUG 2312 --- [http-nio-8082-exec-2] c.h.cart.mapper.CartMapper.selectList    : ==>  Preparing: SELECT id,user_id,item_id,num,name,spec,price,image,create_time,update_time FROM cart WHERE (user_id = ?)
00:49:32:162 DEBUG 2312 --- [http-nio-8082-exec-2] c.h.cart.mapper.CartMapper.selectList    : ==> Parameters: 1(Long)
00:49:32:165 DEBUG 2312 --- [http-nio-8082-exec-2] c.h.cart.mapper.CartMapper.selectList    : <==      Total: 1
00:49:32:811 DEBUG 2312 --- [http-nio-8082-exec-5] c.h.cart.mapper.CartMapper.selectList    : ==>  Preparing: SELECT id,user_id,item_id,num,name,spec,price,image,create_time,update_time FROM cart WHERE (user_id = ?)
00:49:32:811 DEBUG 2312 --- [http-nio-8082-exec-5] c.h.cart.mapper.CartMapper.selectList    : ==> Parameters: 1(Long)
00:49:32:814 DEBUG 2312 --- [http-nio-8082-exec-5] c.h.cart.mapper.CartMapper.selectList    : <==      Total: 1
00:49:33:441 DEBUG 2312 --- [http-nio-8082-exec-4] c.h.cart.mapper.CartMapper.selectList    : ==>  Preparing: SELECT id,user_id,item_id,num,name,spec,price,image,create_time,update_time FROM cart WHERE (user_id = ?)
00:49:33:441 DEBUG 2312 --- [http-nio-8082-exec-4] c.h.cart.mapper.CartMapper.selectList    : ==> Parameters: 1(Long)
00:49:33:443 DEBUG 2312 --- [http-nio-8082-exec-4] c.h.cart.mapper.CartMapper.selectList    : <==      Total: 1
00:49:34:069 DEBUG 2312 --- [http-nio-8082-exec-3] c.h.cart.mapper.CartMapper.selectList    : ==>  Preparing: SELECT id,user_id,item_id,num,name,spec,price,image,create_time,update_time FROM cart WHERE (user_id = ?)
00:49:34:070 DEBUG 2312 --- [http-nio-8082-exec-3] c.h.cart.mapper.CartMapper.selectList    : ==> Parameters: 1(Long)
00:49:34:072 DEBUG 2312 --- [http-nio-8082-exec-3] c.h.cart.mapper.CartMapper.selectList    : <==      Total: 1
00:58:36:873  WARN 2312 --- [Thread-4] c.a.nacos.common.notify.NotifyCenter     : [NotifyCenter] Start destroying Publisher
00:58:36:873  WARN 2312 --- [Thread-7] c.a.n.common.http.HttpClientBeanHolder   : [HttpClientBeanHolder] Start destroying common HttpClient
00:58:36:874  WARN 2312 --- [Thread-4] c.a.nacos.common.notify.NotifyCenter     : [NotifyCenter] Destruction of the end
00:58:36:875  WARN 2312 --- [Thread-7] c.a.n.common.http.HttpClientBeanHolder   : [HttpClientBeanHolder] Destruction of the end
00:58:36:921  INFO 2312 --- [SpringApplicationShutdownHook] c.a.c.n.registry.NacosServiceRegistry    : De-registering from Nacos Server now...
00:58:36:936  INFO 2312 --- [SpringApplicationShutdownHook] c.a.c.n.registry.NacosServiceRegistry    : De-registration finished.
00:58:37:260  INFO 2312 --- [SpringApplicationShutdownHook] com.alibaba.nacos.common.remote.client   : Shutdown rpc client, set status to shutdown
00:58:37:260  INFO 2312 --- [SpringApplicationShutdownHook] com.alibaba.nacos.common.remote.client   : Shutdown client event executor java.util.concurrent.ScheduledThreadPoolExecutor@59b853aa[Running, pool size = 2, active threads = 2, queued tasks = 0, completed tasks = 0]
00:58:37:260  INFO 2312 --- [SpringApplicationShutdownHook] com.alibaba.nacos.common.remote.client   : Close current connection 1717473869404_192.168.204.1_7952
00:58:37:274  INFO 2312 --- [SpringApplicationShutdownHook] c.a.n.c.remote.client.grpc.GrpcClient    : Shutdown grpc executor java.util.concurrent.ThreadPoolExecutor@1123d461[Running, pool size = 4, active threads = 0, queued tasks = 0, completed tasks = 139]
00:58:37:279  INFO 2312 --- [SpringApplicationShutdownHook] com.zaxxer.hikari.HikariDataSource       : HikariPool-1 - Shutdown initiated...
00:58:37:428  INFO 2312 --- [SpringApplicationShutdownHook] com.zaxxer.hikari.HikariDataSource       : HikariPool-1 - Shutdown completed.
00:58:49:410  INFO 14872 --- [main] com.hmall.cart.CartApplication           : Starting CartApplication using Java 21.0.2 on LAPTOP-19QE0TGJ with PID 14872 (D:\bobosenses\hmall\cart-service\target\classes started by 46339 in D:\bobosenses\hmall)
00:58:49:412 DEBUG 14872 --- [main] com.hmall.cart.CartApplication           : Running with Spring Boot v2.7.12, Spring v5.3.27
00:58:49:413  INFO 14872 --- [main] com.hmall.cart.CartApplication           : The following 1 profile is active: "local"
00:58:50:987  INFO 14872 --- [main] o.s.cloud.context.scope.GenericScope     : BeanFactory id=fd42ed55-31d3-3e6c-bf9c-5a33cb757524
00:58:51:598  INFO 14872 --- [main] o.s.b.w.embedded.tomcat.TomcatWebServer  : Tomcat initialized with port(s): 8082 (http)
00:58:51:611  INFO 14872 --- [main] o.apache.catalina.core.StandardService   : Starting service [Tomcat]
00:58:51:612  INFO 14872 --- [main] org.apache.catalina.core.StandardEngine  : Starting Servlet engine: [Apache Tomcat/9.0.75]
00:58:51:780  INFO 14872 --- [main] o.a.c.c.C.[Tomcat].[localhost].[/]       : Initializing Spring embedded WebApplicationContext
00:58:51:781  INFO 14872 --- [main] w.s.c.ServletWebServerApplicationContext : Root WebApplicationContext: initialization completed in 2291 ms
00:58:52:094  INFO 14872 --- [main] o.s.c.openfeign.FeignClientFactoryBean   : For 'item-service' URL not provided. Will try picking an instance via load-balancing.
00:58:53:442  INFO 14872 --- [main] pertySourcedRequestMappingHandlerMapping : Mapped URL path [/v2/api-docs] onto method [springfox.documentation.swagger2.web.Swagger2ControllerWebMvc#getDocumentation(String, HttpServletRequest)]
00:58:53:768  INFO 14872 --- [main] com.alibaba.nacos.common.remote.client   : [RpcClientFactory] create a new rpc client of baa113c4-7d7a-428f-86c3-b4b48983170c
00:58:53:854  INFO 14872 --- [main] org.reflections.Reflections              : Reflections took 42 ms to scan 1 urls, producing 3 keys and 6 values 
00:58:53:892  INFO 14872 --- [main] org.reflections.Reflections              : Reflections took 16 ms to scan 1 urls, producing 4 keys and 9 values 
00:58:53:916  INFO 14872 --- [main] org.reflections.Reflections              : Reflections took 20 ms to scan 1 urls, producing 3 keys and 10 values 
00:58:53:918  WARN 14872 --- [main] org.reflections.Reflections              : given scan urls are empty. set urls in the configuration
00:58:53:931  INFO 14872 --- [main] org.reflections.Reflections              : Reflections took 11 ms to scan 1 urls, producing 1 keys and 5 values 
00:58:53:946  INFO 14872 --- [main] org.reflections.Reflections              : Reflections took 13 ms to scan 1 urls, producing 1 keys and 7 values 
00:58:53:960  INFO 14872 --- [main] org.reflections.Reflections              : Reflections took 11 ms to scan 1 urls, producing 2 keys and 8 values 
00:58:53:962  WARN 14872 --- [main] org.reflections.Reflections              : given scan urls are empty. set urls in the configuration
00:58:53:965  INFO 14872 --- [main] com.alibaba.nacos.common.remote.client   : [baa113c4-7d7a-428f-86c3-b4b48983170c] RpcClient init label, labels = {module=naming, source=sdk}
00:58:53:968  INFO 14872 --- [main] com.alibaba.nacos.common.remote.client   : [baa113c4-7d7a-428f-86c3-b4b48983170c] RpcClient init, ServerListFactory = com.alibaba.nacos.client.naming.core.ServerListManager
00:58:53:969  INFO 14872 --- [main] com.alibaba.nacos.common.remote.client   : [baa113c4-7d7a-428f-86c3-b4b48983170c] Registry connection listener to current client:com.alibaba.nacos.client.naming.remote.gprc.redo.NamingGrpcRedoService
00:58:53:969  INFO 14872 --- [main] com.alibaba.nacos.common.remote.client   : [baa113c4-7d7a-428f-86c3-b4b48983170c] Register server push request handler:com.alibaba.nacos.client.naming.remote.gprc.NamingPushRequestHandler
00:58:53:971  INFO 14872 --- [main] com.alibaba.nacos.common.remote.client   : [baa113c4-7d7a-428f-86c3-b4b48983170c] Try to connect to server on start up, server: {serverIp = '192.168.204.130', server main port = 8848}
00:58:54:967  INFO 14872 --- [main] com.alibaba.nacos.common.remote.client   : [baa113c4-7d7a-428f-86c3-b4b48983170c] Success to connect to server [192.168.204.130:8848] on start up, connectionId = 1717474523700_192.168.204.1_8198
00:58:54:968  INFO 14872 --- [com.alibaba.nacos.client.remote.worker] com.alibaba.nacos.common.remote.client   : [baa113c4-7d7a-428f-86c3-b4b48983170c] Notify connected event to listeners.
00:58:54:968  INFO 14872 --- [main] com.alibaba.nacos.common.remote.client   : [baa113c4-7d7a-428f-86c3-b4b48983170c] Register server push request handler:com.alibaba.nacos.common.remote.client.RpcClient$ConnectResetRequestHandler
00:58:54:969  INFO 14872 --- [main] com.alibaba.nacos.common.remote.client   : [baa113c4-7d7a-428f-86c3-b4b48983170c] Register server push request handler:com.alibaba.nacos.common.remote.client.RpcClient$$Lambda/0x000002663d7f2918
00:58:55:051  INFO 14872 --- [main] o.s.b.w.embedded.tomcat.TomcatWebServer  : Tomcat started on port(s): 8082 (http) with context path ''
00:58:55:070  INFO 14872 --- [main] c.a.c.n.registry.NacosServiceRegistry    : nacos registry, DEFAULT_GROUP cart-service 192.168.204.1:8082 register finished
00:58:55:075  INFO 14872 --- [main] d.s.w.p.DocumentationPluginsBootstrapper : Documentation plugins bootstrapped
00:58:55:078  INFO 14872 --- [main] d.s.w.p.DocumentationPluginsBootstrapper : Found 1 custom documentation plugin(s)
00:58:55:114  INFO 14872 --- [main] s.d.s.w.s.ApiListingReferenceScanner     : Scanning for api listing references
00:58:55:275  INFO 14872 --- [main] com.hmall.cart.CartApplication           : Started CartApplication in 6.778 seconds (JVM running for 9.986)
00:58:55:489  INFO 14872 --- [nacos-grpc-client-executor-9] com.alibaba.nacos.common.remote.client   : [baa113c4-7d7a-428f-86c3-b4b48983170c] Receive server push request, request = NotifySubscriberRequest, requestId = 23
00:58:55:503  INFO 14872 --- [nacos-grpc-client-executor-9] com.alibaba.nacos.common.remote.client   : [baa113c4-7d7a-428f-86c3-b4b48983170c] Ack server push request, request = NotifySubscriberRequest, requestId = 23
01:15:15:693  WARN 14872 --- [Thread-4] c.a.nacos.common.notify.NotifyCenter     : [NotifyCenter] Start destroying Publisher
01:15:15:693  WARN 14872 --- [Thread-7] c.a.n.common.http.HttpClientBeanHolder   : [HttpClientBeanHolder] Start destroying common HttpClient
01:15:15:694  WARN 14872 --- [Thread-4] c.a.nacos.common.notify.NotifyCenter     : [NotifyCenter] Destruction of the end
01:15:15:695  WARN 14872 --- [Thread-7] c.a.n.common.http.HttpClientBeanHolder   : [HttpClientBeanHolder] Destruction of the end
01:15:15:755  INFO 14872 --- [SpringApplicationShutdownHook] c.a.c.n.registry.NacosServiceRegistry    : De-registering from Nacos Server now...
01:15:15:774  INFO 14872 --- [SpringApplicationShutdownHook] c.a.c.n.registry.NacosServiceRegistry    : De-registration finished.
01:15:16:109  INFO 14872 --- [SpringApplicationShutdownHook] com.alibaba.nacos.common.remote.client   : Shutdown rpc client, set status to shutdown
01:15:16:109  INFO 14872 --- [SpringApplicationShutdownHook] com.alibaba.nacos.common.remote.client   : Shutdown client event executor java.util.concurrent.ScheduledThreadPoolExecutor@73e25780[Running, pool size = 2, active threads = 2, queued tasks = 0, completed tasks = 0]
01:15:16:110  INFO 14872 --- [SpringApplicationShutdownHook] com.alibaba.nacos.common.remote.client   : Close current connection 1717474523700_192.168.204.1_8198
01:15:16:115  INFO 14872 --- [SpringApplicationShutdownHook] c.a.n.c.remote.client.grpc.GrpcClient    : Shutdown grpc executor java.util.concurrent.ThreadPoolExecutor@44a485bc[Running, pool size = 4, active threads = 0, queued tasks = 0, completed tasks = 222]
01:15:29:862  INFO 15256 --- [main] com.hmall.cart.CartApplication           : Starting CartApplication using Java 21.0.2 on LAPTOP-19QE0TGJ with PID 15256 (D:\bobosenses\hmall\cart-service\target\classes started by 46339 in D:\bobosenses\hmall)
01:15:29:864 DEBUG 15256 --- [main] com.hmall.cart.CartApplication           : Running with Spring Boot v2.7.12, Spring v5.3.27
01:15:29:865  INFO 15256 --- [main] com.hmall.cart.CartApplication           : The following 1 profile is active: "local"
01:15:31:556  INFO 15256 --- [main] o.s.cloud.context.scope.GenericScope     : BeanFactory id=be4e6eb8-42d3-3f98-ab4b-328c3d23581e
01:15:32:245  INFO 15256 --- [main] o.s.b.w.embedded.tomcat.TomcatWebServer  : Tomcat initialized with port(s): 8082 (http)
01:15:32:260  INFO 15256 --- [main] o.apache.catalina.core.StandardService   : Starting service [Tomcat]
01:15:32:261  INFO 15256 --- [main] org.apache.catalina.core.StandardEngine  : Starting Servlet engine: [Apache Tomcat/9.0.75]
01:15:32:448  INFO 15256 --- [main] o.a.c.c.C.[Tomcat].[localhost].[/]       : Initializing Spring embedded WebApplicationContext
01:15:32:449  INFO 15256 --- [main] w.s.c.ServletWebServerApplicationContext : Root WebApplicationContext: initialization completed in 2496 ms
01:15:32:558  WARN 15256 --- [main] ConfigServletWebServerApplicationContext : Exception encountered during context initialization - cancelling refresh attempt: org.springframework.beans.factory.UnsatisfiedDependencyException: Error creating bean with name 'cartController' defined in file [D:\bobosenses\hmall\cart-service\target\classes\com\hmall\cart\controller\CartController.class]: Unsatisfied dependency expressed through constructor parameter 0; nested exception is org.springframework.beans.factory.UnsatisfiedDependencyException: Error creating bean with name 'cartServiceImpl' defined in file [D:\bobosenses\hmall\cart-service\target\classes\com\hmall\cart\service\impl\CartServiceImpl.class]: Unsatisfied dependency expressed through constructor parameter 0; nested exception is org.springframework.beans.factory.NoSuchBeanDefinitionException: No qualifying bean of type 'com.hmall.api.client.ItemClient' available: expected at least 1 bean which qualifies as autowire candidate. Dependency annotations: {}
01:15:32:561  INFO 15256 --- [main] o.apache.catalina.core.StandardService   : Stopping service [Tomcat]
01:15:32:586  INFO 15256 --- [main] ConditionEvaluationReportLoggingListener : 

Error starting ApplicationContext. To display the conditions report re-run your application with 'debug' enabled.
01:15:32:619 ERROR 15256 --- [main] o.s.b.d.LoggingFailureAnalysisReporter   : 

***************************
APPLICATION FAILED TO START
***************************

Description:

Parameter 0 of constructor in com.hmall.cart.service.impl.CartServiceImpl required a bean of type 'com.hmall.api.client.ItemClient' that could not be found.


Action:

Consider defining a bean of type 'com.hmall.api.client.ItemClient' in your configuration.

01:18:07:633  INFO 15160 --- [main] com.hmall.cart.CartApplication           : Starting CartApplication using Java 21.0.2 on LAPTOP-19QE0TGJ with PID 15160 (D:\bobosenses\hmall\cart-service\target\classes started by 46339 in D:\bobosenses\hmall)
01:18:07:634 DEBUG 15160 --- [main] com.hmall.cart.CartApplication           : Running with Spring Boot v2.7.12, Spring v5.3.27
01:18:07:635  INFO 15160 --- [main] com.hmall.cart.CartApplication           : The following 1 profile is active: "local"
01:18:09:374  INFO 15160 --- [main] o.s.cloud.context.scope.GenericScope     : BeanFactory id=120d7da9-a1d4-354b-bc7e-286bd40762e9
01:18:10:213  INFO 15160 --- [main] o.s.b.w.embedded.tomcat.TomcatWebServer  : Tomcat initialized with port(s): 8082 (http)
01:18:10:226  INFO 15160 --- [main] o.apache.catalina.core.StandardService   : Starting service [Tomcat]
01:18:10:226  INFO 15160 --- [main] org.apache.catalina.core.StandardEngine  : Starting Servlet engine: [Apache Tomcat/9.0.75]
01:18:10:407  INFO 15160 --- [main] o.a.c.c.C.[Tomcat].[localhost].[/]       : Initializing Spring embedded WebApplicationContext
01:18:10:408  INFO 15160 --- [main] w.s.c.ServletWebServerApplicationContext : Root WebApplicationContext: initialization completed in 2643 ms
01:18:10:724  INFO 15160 --- [main] o.s.c.openfeign.FeignClientFactoryBean   : For 'item-service' URL not provided. Will try picking an instance via load-balancing.
01:18:12:184  INFO 15160 --- [main] pertySourcedRequestMappingHandlerMapping : Mapped URL path [/v2/api-docs] onto method [springfox.documentation.swagger2.web.Swagger2ControllerWebMvc#getDocumentation(String, HttpServletRequest)]
01:18:12:489  INFO 15160 --- [main] com.alibaba.nacos.common.remote.client   : [RpcClientFactory] create a new rpc client of d82110ba-c78f-498d-b291-0547695596b2
01:18:12:570  INFO 15160 --- [main] org.reflections.Reflections              : Reflections took 39 ms to scan 1 urls, producing 3 keys and 6 values 
01:18:12:602  INFO 15160 --- [main] org.reflections.Reflections              : Reflections took 14 ms to scan 1 urls, producing 4 keys and 9 values 
01:18:12:616  INFO 15160 --- [main] org.reflections.Reflections              : Reflections took 10 ms to scan 1 urls, producing 3 keys and 10 values 
01:18:12:619  WARN 15160 --- [main] org.reflections.Reflections              : given scan urls are empty. set urls in the configuration
01:18:12:631  INFO 15160 --- [main] org.reflections.Reflections              : Reflections took 10 ms to scan 1 urls, producing 1 keys and 5 values 
01:18:12:649  INFO 15160 --- [main] org.reflections.Reflections              : Reflections took 16 ms to scan 1 urls, producing 1 keys and 7 values 
01:18:12:663  INFO 15160 --- [main] org.reflections.Reflections              : Reflections took 11 ms to scan 1 urls, producing 2 keys and 8 values 
01:18:12:665  WARN 15160 --- [main] org.reflections.Reflections              : given scan urls are empty. set urls in the configuration
01:18:12:666  INFO 15160 --- [main] com.alibaba.nacos.common.remote.client   : [d82110ba-c78f-498d-b291-0547695596b2] RpcClient init label, labels = {module=naming, source=sdk}
01:18:12:669  INFO 15160 --- [main] com.alibaba.nacos.common.remote.client   : [d82110ba-c78f-498d-b291-0547695596b2] RpcClient init, ServerListFactory = com.alibaba.nacos.client.naming.core.ServerListManager
01:18:12:669  INFO 15160 --- [main] com.alibaba.nacos.common.remote.client   : [d82110ba-c78f-498d-b291-0547695596b2] Registry connection listener to current client:com.alibaba.nacos.client.naming.remote.gprc.redo.NamingGrpcRedoService
01:18:12:669  INFO 15160 --- [main] com.alibaba.nacos.common.remote.client   : [d82110ba-c78f-498d-b291-0547695596b2] Register server push request handler:com.alibaba.nacos.client.naming.remote.gprc.NamingPushRequestHandler
01:18:12:672  INFO 15160 --- [main] com.alibaba.nacos.common.remote.client   : [d82110ba-c78f-498d-b291-0547695596b2] Try to connect to server on start up, server: {serverIp = '192.168.204.130', server main port = 8848}
01:18:13:600  INFO 15160 --- [main] com.alibaba.nacos.common.remote.client   : [d82110ba-c78f-498d-b291-0547695596b2] Success to connect to server [192.168.204.130:8848] on start up, connectionId = 1717475778897_192.168.204.1_8614
01:18:13:601  INFO 15160 --- [com.alibaba.nacos.client.remote.worker] com.alibaba.nacos.common.remote.client   : [d82110ba-c78f-498d-b291-0547695596b2] Notify connected event to listeners.
01:18:13:601  INFO 15160 --- [main] com.alibaba.nacos.common.remote.client   : [d82110ba-c78f-498d-b291-0547695596b2] Register server push request handler:com.alibaba.nacos.common.remote.client.RpcClient$ConnectResetRequestHandler
01:18:13:602  INFO 15160 --- [main] com.alibaba.nacos.common.remote.client   : [d82110ba-c78f-498d-b291-0547695596b2] Register server push request handler:com.alibaba.nacos.common.remote.client.RpcClient$$Lambda/0x000001b533806ed0
01:18:13:684  INFO 15160 --- [main] o.s.b.w.embedded.tomcat.TomcatWebServer  : Tomcat started on port(s): 8082 (http) with context path ''
01:18:13:706  INFO 15160 --- [main] c.a.c.n.registry.NacosServiceRegistry    : nacos registry, DEFAULT_GROUP cart-service 192.168.204.1:8082 register finished
01:18:13:709  INFO 15160 --- [main] d.s.w.p.DocumentationPluginsBootstrapper : Documentation plugins bootstrapped
01:18:13:714  INFO 15160 --- [main] d.s.w.p.DocumentationPluginsBootstrapper : Found 1 custom documentation plugin(s)
01:18:13:745  INFO 15160 --- [main] s.d.s.w.s.ApiListingReferenceScanner     : Scanning for api listing references
01:18:13:877  INFO 15160 --- [main] com.hmall.cart.CartApplication           : Started CartApplication in 7.422 seconds (JVM running for 8.911)
01:18:14:203  INFO 15160 --- [nacos-grpc-client-executor-8] com.alibaba.nacos.common.remote.client   : [d82110ba-c78f-498d-b291-0547695596b2] Receive server push request, request = NotifySubscriberRequest, requestId = 24
01:18:14:214  INFO 15160 --- [nacos-grpc-client-executor-8] com.alibaba.nacos.common.remote.client   : [d82110ba-c78f-498d-b291-0547695596b2] Ack server push request, request = NotifySubscriberRequest, requestId = 24
01:18:26:658  INFO 15160 --- [http-nio-8082-exec-1] o.a.c.c.C.[Tomcat].[localhost].[/]       : Initializing Spring DispatcherServlet 'dispatcherServlet'
01:18:26:658  INFO 15160 --- [http-nio-8082-exec-1] o.s.web.servlet.DispatcherServlet        : Initializing Servlet 'dispatcherServlet'
01:18:26:660  INFO 15160 --- [http-nio-8082-exec-1] o.s.web.servlet.DispatcherServlet        : Completed initialization in 2 ms
01:18:26:882  INFO 15160 --- [http-nio-8082-exec-1] com.zaxxer.hikari.HikariDataSource       : HikariPool-1 - Starting...
01:18:27:788  INFO 15160 --- [http-nio-8082-exec-1] com.zaxxer.hikari.HikariDataSource       : HikariPool-1 - Start completed.
01:18:27:801 DEBUG 15160 --- [http-nio-8082-exec-1] c.h.cart.mapper.CartMapper.selectList    : ==>  Preparing: SELECT id,user_id,item_id,num,name,spec,price,image,create_time,update_time FROM cart WHERE (user_id = ?)
01:18:27:848 DEBUG 15160 --- [http-nio-8082-exec-1] c.h.cart.mapper.CartMapper.selectList    : ==> Parameters: 1(Long)
01:18:27:958 DEBUG 15160 --- [http-nio-8082-exec-1] c.h.cart.mapper.CartMapper.selectList    : <==      Total: 1
01:18:28:749  INFO 15160 --- [nacos-grpc-client-executor-13] com.alibaba.nacos.common.remote.client   : [d82110ba-c78f-498d-b291-0547695596b2] Receive server push request, request = NotifySubscriberRequest, requestId = 25
01:18:28:750  INFO 15160 --- [nacos-grpc-client-executor-13] com.alibaba.nacos.common.remote.client   : [d82110ba-c78f-498d-b291-0547695596b2] Ack server push request, request = NotifySubscriberRequest, requestId = 25
01:18:29:664 DEBUG 15160 --- [http-nio-8082-exec-2] c.h.cart.mapper.CartMapper.selectList    : ==>  Preparing: SELECT id,user_id,item_id,num,name,spec,price,image,create_time,update_time FROM cart WHERE (user_id = ?)
01:18:29:664 DEBUG 15160 --- [http-nio-8082-exec-2] c.h.cart.mapper.CartMapper.selectList    : ==> Parameters: 1(Long)
01:18:29:666 DEBUG 15160 --- [http-nio-8082-exec-2] c.h.cart.mapper.CartMapper.selectList    : <==      Total: 1
01:18:30:683 DEBUG 15160 --- [http-nio-8082-exec-3] c.h.cart.mapper.CartMapper.selectList    : ==>  Preparing: SELECT id,user_id,item_id,num,name,spec,price,image,create_time,update_time FROM cart WHERE (user_id = ?)
01:18:30:684 DEBUG 15160 --- [http-nio-8082-exec-3] c.h.cart.mapper.CartMapper.selectList    : ==> Parameters: 1(Long)
01:18:30:688 DEBUG 15160 --- [http-nio-8082-exec-3] c.h.cart.mapper.CartMapper.selectList    : <==      Total: 1
01:26:29:139  WARN 15160 --- [Thread-7] c.a.n.common.http.HttpClientBeanHolder   : [HttpClientBeanHolder] Start destroying common HttpClient
01:26:29:139  WARN 15160 --- [Thread-4] c.a.nacos.common.notify.NotifyCenter     : [NotifyCenter] Start destroying Publisher
01:26:29:140  WARN 15160 --- [Thread-7] c.a.n.common.http.HttpClientBeanHolder   : [HttpClientBeanHolder] Destruction of the end
01:26:29:141  WARN 15160 --- [Thread-4] c.a.nacos.common.notify.NotifyCenter     : [NotifyCenter] Destruction of the end
01:26:29:178  INFO 15160 --- [SpringApplicationShutdownHook] c.a.c.n.registry.NacosServiceRegistry    : De-registering from Nacos Server now...
01:26:29:190  INFO 15160 --- [SpringApplicationShutdownHook] c.a.c.n.registry.NacosServiceRegistry    : De-registration finished.
01:26:29:509  INFO 15160 --- [SpringApplicationShutdownHook] com.alibaba.nacos.common.remote.client   : Shutdown rpc client, set status to shutdown
01:26:29:510  INFO 15160 --- [SpringApplicationShutdownHook] com.alibaba.nacos.common.remote.client   : Shutdown client event executor java.util.concurrent.ScheduledThreadPoolExecutor@5eba9e41[Running, pool size = 2, active threads = 2, queued tasks = 0, completed tasks = 0]
01:26:29:510  INFO 15160 --- [SpringApplicationShutdownHook] com.alibaba.nacos.common.remote.client   : Close current connection 1717475778897_192.168.204.1_8614
01:26:29:517  INFO 15160 --- [nacos-grpc-client-executor-119] c.a.n.c.remote.client.grpc.GrpcClient    : [1717475778897_192.168.204.1_8614]Ignore complete event,isRunning:false,isAbandon=false
01:26:29:521  INFO 15160 --- [SpringApplicationShutdownHook] c.a.n.c.remote.client.grpc.GrpcClient    : Shutdown grpc executor java.util.concurrent.ThreadPoolExecutor@731fae[Running, pool size = 6, active threads = 0, queued tasks = 0, completed tasks = 120]
01:26:29:529  INFO 15160 --- [SpringApplicationShutdownHook] com.zaxxer.hikari.HikariDataSource       : HikariPool-1 - Shutdown initiated...
01:26:29:672  INFO 15160 --- [SpringApplicationShutdownHook] com.zaxxer.hikari.HikariDataSource       : HikariPool-1 - Shutdown completed.
01:26:37:874  INFO 9332 --- [main] com.hmall.cart.CartApplication           : Starting CartApplication using Java 21.0.2 on LAPTOP-19QE0TGJ with PID 9332 (D:\bobosenses\hmall\cart-service\target\classes started by 46339 in D:\bobosenses\hmall)
01:26:37:876 DEBUG 9332 --- [main] com.hmall.cart.CartApplication           : Running with Spring Boot v2.7.12, Spring v5.3.27
01:26:37:877  INFO 9332 --- [main] com.hmall.cart.CartApplication           : The following 1 profile is active: "local"
01:26:39:613  INFO 9332 --- [main] o.s.cloud.context.scope.GenericScope     : BeanFactory id=120d7da9-a1d4-354b-bc7e-286bd40762e9
01:26:40:268  INFO 9332 --- [main] o.s.b.w.embedded.tomcat.TomcatWebServer  : Tomcat initialized with port(s): 8082 (http)
01:26:40:282  INFO 9332 --- [main] o.apache.catalina.core.StandardService   : Starting service [Tomcat]
01:26:40:283  INFO 9332 --- [main] org.apache.catalina.core.StandardEngine  : Starting Servlet engine: [Apache Tomcat/9.0.75]
01:26:40:463  INFO 9332 --- [main] o.a.c.c.C.[Tomcat].[localhost].[/]       : Initializing Spring embedded WebApplicationContext
01:26:40:463  INFO 9332 --- [main] w.s.c.ServletWebServerApplicationContext : Root WebApplicationContext: initialization completed in 2495 ms
01:26:40:810  INFO 9332 --- [main] o.s.c.openfeign.FeignClientFactoryBean   : For 'item-service' URL not provided. Will try picking an instance via load-balancing.
01:26:42:397  INFO 9332 --- [main] pertySourcedRequestMappingHandlerMapping : Mapped URL path [/v2/api-docs] onto method [springfox.documentation.swagger2.web.Swagger2ControllerWebMvc#getDocumentation(String, HttpServletRequest)]
01:26:42:834  INFO 9332 --- [main] com.alibaba.nacos.common.remote.client   : [RpcClientFactory] create a new rpc client of db70c23d-651d-4e27-8e57-ba778dd17057
01:26:42:934  INFO 9332 --- [main] org.reflections.Reflections              : Reflections took 52 ms to scan 1 urls, producing 3 keys and 6 values 
01:26:42:978  INFO 9332 --- [main] org.reflections.Reflections              : Reflections took 18 ms to scan 1 urls, producing 4 keys and 9 values 
01:26:42:997  INFO 9332 --- [main] org.reflections.Reflections              : Reflections took 15 ms to scan 1 urls, producing 3 keys and 10 values 
01:26:42:998  WARN 9332 --- [main] org.reflections.Reflections              : given scan urls are empty. set urls in the configuration
01:26:43:022  INFO 9332 --- [main] org.reflections.Reflections              : Reflections took 22 ms to scan 1 urls, producing 1 keys and 5 values 
01:26:43:038  INFO 9332 --- [main] org.reflections.Reflections              : Reflections took 14 ms to scan 1 urls, producing 1 keys and 7 values 
01:26:43:057  INFO 9332 --- [main] org.reflections.Reflections              : Reflections took 15 ms to scan 1 urls, producing 2 keys and 8 values 
01:26:43:060  WARN 9332 --- [main] org.reflections.Reflections              : given scan urls are empty. set urls in the configuration
01:26:43:064  INFO 9332 --- [main] com.alibaba.nacos.common.remote.client   : [db70c23d-651d-4e27-8e57-ba778dd17057] RpcClient init label, labels = {module=naming, source=sdk}
01:26:43:068  INFO 9332 --- [main] com.alibaba.nacos.common.remote.client   : [db70c23d-651d-4e27-8e57-ba778dd17057] RpcClient init, ServerListFactory = com.alibaba.nacos.client.naming.core.ServerListManager
01:26:43:068  INFO 9332 --- [main] com.alibaba.nacos.common.remote.client   : [db70c23d-651d-4e27-8e57-ba778dd17057] Registry connection listener to current client:com.alibaba.nacos.client.naming.remote.gprc.redo.NamingGrpcRedoService
01:26:43:069  INFO 9332 --- [main] com.alibaba.nacos.common.remote.client   : [db70c23d-651d-4e27-8e57-ba778dd17057] Register server push request handler:com.alibaba.nacos.client.naming.remote.gprc.NamingPushRequestHandler
01:26:43:072  INFO 9332 --- [main] com.alibaba.nacos.common.remote.client   : [db70c23d-651d-4e27-8e57-ba778dd17057] Try to connect to server on start up, server: {serverIp = '192.168.204.130', server main port = 8848}
01:26:44:145  INFO 9332 --- [main] com.alibaba.nacos.common.remote.client   : [db70c23d-651d-4e27-8e57-ba778dd17057] Success to connect to server [192.168.204.130:8848] on start up, connectionId = 1717476331946_192.168.204.1_8823
01:26:44:146  INFO 9332 --- [com.alibaba.nacos.client.remote.worker] com.alibaba.nacos.common.remote.client   : [db70c23d-651d-4e27-8e57-ba778dd17057] Notify connected event to listeners.
01:26:44:147  INFO 9332 --- [main] com.alibaba.nacos.common.remote.client   : [db70c23d-651d-4e27-8e57-ba778dd17057] Register server push request handler:com.alibaba.nacos.common.remote.client.RpcClient$ConnectResetRequestHandler
01:26:44:147  INFO 9332 --- [main] com.alibaba.nacos.common.remote.client   : [db70c23d-651d-4e27-8e57-ba778dd17057] Register server push request handler:com.alibaba.nacos.common.remote.client.RpcClient$$Lambda/0x0000018b817f1cc8
01:26:44:229  INFO 9332 --- [main] o.s.b.w.embedded.tomcat.TomcatWebServer  : Tomcat started on port(s): 8082 (http) with context path ''
01:26:44:248  INFO 9332 --- [main] c.a.c.n.registry.NacosServiceRegistry    : nacos registry, DEFAULT_GROUP cart-service 192.168.204.1:8082 register finished
01:26:44:252  INFO 9332 --- [main] d.s.w.p.DocumentationPluginsBootstrapper : Documentation plugins bootstrapped
01:26:44:258  INFO 9332 --- [main] d.s.w.p.DocumentationPluginsBootstrapper : Found 1 custom documentation plugin(s)
01:26:44:298  INFO 9332 --- [main] s.d.s.w.s.ApiListingReferenceScanner     : Scanning for api listing references
01:26:44:507  INFO 9332 --- [main] com.hmall.cart.CartApplication           : Started CartApplication in 7.675 seconds (JVM running for 9.753)
01:26:44:750  INFO 9332 --- [nacos-grpc-client-executor-8] com.alibaba.nacos.common.remote.client   : [db70c23d-651d-4e27-8e57-ba778dd17057] Receive server push request, request = NotifySubscriberRequest, requestId = 26
01:26:44:762  INFO 9332 --- [nacos-grpc-client-executor-8] com.alibaba.nacos.common.remote.client   : [db70c23d-651d-4e27-8e57-ba778dd17057] Ack server push request, request = NotifySubscriberRequest, requestId = 26
01:26:51:150  INFO 9332 --- [http-nio-8082-exec-2] o.a.c.c.C.[Tomcat].[localhost].[/]       : Initializing Spring DispatcherServlet 'dispatcherServlet'
01:26:51:150  INFO 9332 --- [http-nio-8082-exec-2] o.s.web.servlet.DispatcherServlet        : Initializing Servlet 'dispatcherServlet'
01:26:51:155  INFO 9332 --- [http-nio-8082-exec-2] o.s.web.servlet.DispatcherServlet        : Completed initialization in 5 ms
01:26:51:440  INFO 9332 --- [http-nio-8082-exec-2] com.zaxxer.hikari.HikariDataSource       : HikariPool-1 - Starting...
01:26:52:033  INFO 9332 --- [http-nio-8082-exec-2] com.zaxxer.hikari.HikariDataSource       : HikariPool-1 - Start completed.
01:26:52:049 DEBUG 9332 --- [http-nio-8082-exec-2] c.h.cart.mapper.CartMapper.selectList    : ==>  Preparing: SELECT id,user_id,item_id,num,name,spec,price,image,create_time,update_time FROM cart WHERE (user_id = ?)
01:26:52:101 DEBUG 9332 --- [http-nio-8082-exec-2] c.h.cart.mapper.CartMapper.selectList    : ==> Parameters: 1(Long)
01:26:52:495 DEBUG 9332 --- [http-nio-8082-exec-2] c.h.cart.mapper.CartMapper.selectList    : <==      Total: 1
01:26:52:602 DEBUG 9332 --- [http-nio-8082-exec-2] com.hmall.api.client.ItemClient          : [ItemClient#queryItemByIds] ---> GET http://item-service/items?ids=100000006163 HTTP/1.1
01:26:52:603 DEBUG 9332 --- [http-nio-8082-exec-2] com.hmall.api.client.ItemClient          : [ItemClient#queryItemByIds] ---> END HTTP (0-byte body)
01:26:53:014 DEBUG 9332 --- [http-nio-8082-exec-2] com.hmall.api.client.ItemClient          : [ItemClient#queryItemByIds] <--- HTTP/1.1 200  (410ms)
01:26:53:014 DEBUG 9332 --- [http-nio-8082-exec-2] com.hmall.api.client.ItemClient          : [ItemClient#queryItemByIds] connection: keep-alive
01:26:53:014 DEBUG 9332 --- [http-nio-8082-exec-2] com.hmall.api.client.ItemClient          : [ItemClient#queryItemByIds] content-type: application/json
01:26:53:014 DEBUG 9332 --- [http-nio-8082-exec-2] com.hmall.api.client.ItemClient          : [ItemClient#queryItemByIds] date: Tue, 04 Jun 2024 17:26:52 GMT
01:26:53:014 DEBUG 9332 --- [http-nio-8082-exec-2] com.hmall.api.client.ItemClient          : [ItemClient#queryItemByIds] keep-alive: timeout=60
01:26:53:015 DEBUG 9332 --- [http-nio-8082-exec-2] com.hmall.api.client.ItemClient          : [ItemClient#queryItemByIds] transfer-encoding: chunked
01:26:53:015 DEBUG 9332 --- [http-nio-8082-exec-2] com.hmall.api.client.ItemClient          : [ItemClient#queryItemByIds] 
01:26:53:015 DEBUG 9332 --- [http-nio-8082-exec-2] com.hmall.api.client.ItemClient          : [ItemClient#queryItemByIds] [{"id":"100000006163","name":"巴布豆(BOBDOG)柔薄悦动婴儿拉拉裤XXL码80片(15kg以上)","price":67100,"stock":10000,"image":"https://m.360buyimg.com/mobilecms/s720x720_jfs/t23998/350/2363990466/222391/a6e9581d/5b7cba5bN0c18fb4f.jpg!q70.jpg.webp","category":"拉拉裤","brand":"巴布豆","spec":"{}","sold":11,"commentCount":33343434,"isAD":false,"status":2}]
01:26:53:015 DEBUG 9332 --- [http-nio-8082-exec-2] com.hmall.api.client.ItemClient          : [ItemClient#queryItemByIds] <--- END HTTP (371-byte body)
01:26:53:320  INFO 9332 --- [nacos-grpc-client-executor-11] com.alibaba.nacos.common.remote.client   : [db70c23d-651d-4e27-8e57-ba778dd17057] Receive server push request, request = NotifySubscriberRequest, requestId = 27
01:26:53:322  INFO 9332 --- [nacos-grpc-client-executor-11] com.alibaba.nacos.common.remote.client   : [db70c23d-651d-4e27-8e57-ba778dd17057] Ack server push request, request = NotifySubscriberRequest, requestId = 27
01:29:20:355  WARN 9332 --- [Thread-4] c.a.nacos.common.notify.NotifyCenter     : [NotifyCenter] Start destroying Publisher
01:29:20:355  WARN 9332 --- [Thread-7] c.a.n.common.http.HttpClientBeanHolder   : [HttpClientBeanHolder] Start destroying common HttpClient
01:29:20:356  WARN 9332 --- [Thread-4] c.a.nacos.common.notify.NotifyCenter     : [NotifyCenter] Destruction of the end
01:29:20:356  WARN 9332 --- [Thread-7] c.a.n.common.http.HttpClientBeanHolder   : [HttpClientBeanHolder] Destruction of the end
01:29:20:382  INFO 9332 --- [SpringApplicationShutdownHook] c.a.c.n.registry.NacosServiceRegistry    : De-registering from Nacos Server now...
01:29:20:486  INFO 9332 --- [SpringApplicationShutdownHook] c.a.c.n.registry.NacosServiceRegistry    : De-registration finished.
01:29:20:810  INFO 9332 --- [SpringApplicationShutdownHook] com.alibaba.nacos.common.remote.client   : Shutdown rpc client, set status to shutdown
01:29:20:810  INFO 9332 --- [SpringApplicationShutdownHook] com.alibaba.nacos.common.remote.client   : Shutdown client event executor java.util.concurrent.ScheduledThreadPoolExecutor@1bf52f10[Running, pool size = 2, active threads = 2, queued tasks = 0, completed tasks = 0]
01:29:20:811  INFO 9332 --- [SpringApplicationShutdownHook] com.alibaba.nacos.common.remote.client   : Close current connection 1717476331946_192.168.204.1_8823
01:29:20:813  INFO 9332 --- [nacos-grpc-client-executor-45] c.a.n.c.remote.client.grpc.GrpcClient    : [1717476331946_192.168.204.1_8823]Ignore complete event,isRunning:false,isAbandon=false
01:29:20:815  INFO 9332 --- [SpringApplicationShutdownHook] c.a.n.c.remote.client.grpc.GrpcClient    : Shutdown grpc executor java.util.concurrent.ThreadPoolExecutor@55a66bbf[Running, pool size = 5, active threads = 0, queued tasks = 0, completed tasks = 46]
01:29:20:819  INFO 9332 --- [SpringApplicationShutdownHook] com.zaxxer.hikari.HikariDataSource       : HikariPool-1 - Shutdown initiated...
01:29:20:837  INFO 9332 --- [SpringApplicationShutdownHook] com.zaxxer.hikari.HikariDataSource       : HikariPool-1 - Shutdown completed.
