00:48:15:202  INFO 5852 --- [main] com.hmall.item.ItemApplication           : Starting ItemApplication using Java 21.0.2 on LAPTOP-19QE0TGJ with PID 5852 (D:\bobosenses\hmall\item-service\target\classes started by 46339 in D:\bobosenses\hmall)
00:48:15:208 DEBUG 5852 --- [main] com.hmall.item.ItemApplication           : Running with Spring Boot v2.7.12, Spring v5.3.27
00:48:15:209  INFO 5852 --- [main] com.hmall.item.ItemApplication           : The following 1 profile is active: "local"
00:48:16:782  INFO 5852 --- [main] o.s.cloud.context.scope.GenericScope     : BeanFactory id=6418036c-6533-3da5-a9d5-82fabe340369
00:48:17:363  INFO 5852 --- [main] o.s.b.w.embedded.tomcat.TomcatWebServer  : Tomcat initialized with port(s): 8083 (http)
00:48:17:375  INFO 5852 --- [main] o.apache.catalina.core.StandardService   : Starting service [Tomcat]
00:48:17:376  INFO 5852 --- [main] org.apache.catalina.core.StandardEngine  : Starting Servlet engine: [Apache Tomcat/9.0.75]
00:48:17:543  INFO 5852 --- [main] o.a.c.c.C.[Tomcat].[localhost].[/]       : Initializing Spring embedded WebApplicationContext
00:48:17:544  INFO 5852 --- [main] w.s.c.ServletWebServerApplicationContext : Root WebApplicationContext: initialization completed in 2241 ms
00:48:18:849  INFO 5852 --- [main] pertySourcedRequestMappingHandlerMapping : Mapped URL path [/v2/api-docs] onto method [springfox.documentation.swagger2.web.Swagger2ControllerWebMvc#getDocumentation(String, HttpServletRequest)]
00:48:19:141  INFO 5852 --- [main] com.alibaba.nacos.common.remote.client   : [RpcClientFactory] create a new rpc client of 59542669-87d7-45cf-b4ce-4c97c476ddc7
00:48:19:226  INFO 5852 --- [main] org.reflections.Reflections              : Reflections took 42 ms to scan 1 urls, producing 3 keys and 6 values 
00:48:19:258  INFO 5852 --- [main] org.reflections.Reflections              : Reflections took 13 ms to scan 1 urls, producing 4 keys and 9 values 
00:48:19:271  INFO 5852 --- [main] org.reflections.Reflections              : Reflections took 11 ms to scan 1 urls, producing 3 keys and 10 values 
00:48:19:273  WARN 5852 --- [main] org.reflections.Reflections              : given scan urls are empty. set urls in the configuration
00:48:19:290  INFO 5852 --- [main] org.reflections.Reflections              : Reflections took 17 ms to scan 1 urls, producing 1 keys and 5 values 
00:48:19:302  INFO 5852 --- [main] org.reflections.Reflections              : Reflections took 10 ms to scan 1 urls, producing 1 keys and 7 values 
00:48:19:314  INFO 5852 --- [main] org.reflections.Reflections              : Reflections took 10 ms to scan 1 urls, producing 2 keys and 8 values 
00:48:19:316  WARN 5852 --- [main] org.reflections.Reflections              : given scan urls are empty. set urls in the configuration
00:48:19:316  INFO 5852 --- [main] com.alibaba.nacos.common.remote.client   : [59542669-87d7-45cf-b4ce-4c97c476ddc7] RpcClient init label, labels = {module=naming, source=sdk}
00:48:19:318  INFO 5852 --- [main] com.alibaba.nacos.common.remote.client   : [59542669-87d7-45cf-b4ce-4c97c476ddc7] RpcClient init, ServerListFactory = com.alibaba.nacos.client.naming.core.ServerListManager
00:48:19:318  INFO 5852 --- [main] com.alibaba.nacos.common.remote.client   : [59542669-87d7-45cf-b4ce-4c97c476ddc7] Registry connection listener to current client:com.alibaba.nacos.client.naming.remote.gprc.redo.NamingGrpcRedoService
00:48:19:319  INFO 5852 --- [main] com.alibaba.nacos.common.remote.client   : [59542669-87d7-45cf-b4ce-4c97c476ddc7] Register server push request handler:com.alibaba.nacos.client.naming.remote.gprc.NamingPushRequestHandler
00:48:19:320  INFO 5852 --- [main] com.alibaba.nacos.common.remote.client   : [59542669-87d7-45cf-b4ce-4c97c476ddc7] Try to connect to server on start up, server: {serverIp = '192.168.204.130', server main port = 8848}
00:48:20:177  INFO 5852 --- [main] com.alibaba.nacos.common.remote.client   : [59542669-87d7-45cf-b4ce-4c97c476ddc7] Success to connect to server [192.168.204.130:8848] on start up, connectionId = 1717473836058_192.168.204.1_7929
00:48:20:178  INFO 5852 --- [com.alibaba.nacos.client.remote.worker] com.alibaba.nacos.common.remote.client   : [59542669-87d7-45cf-b4ce-4c97c476ddc7] Notify connected event to listeners.
00:48:20:178  INFO 5852 --- [main] com.alibaba.nacos.common.remote.client   : [59542669-87d7-45cf-b4ce-4c97c476ddc7] Register server push request handler:com.alibaba.nacos.common.remote.client.RpcClient$ConnectResetRequestHandler
00:48:20:179  INFO 5852 --- [main] com.alibaba.nacos.common.remote.client   : [59542669-87d7-45cf-b4ce-4c97c476ddc7] Register server push request handler:com.alibaba.nacos.common.remote.client.RpcClient$$Lambda/0x000002335378db00
00:48:20:240  INFO 5852 --- [main] o.s.b.w.embedded.tomcat.TomcatWebServer  : Tomcat started on port(s): 8083 (http) with context path ''
00:48:20:258  INFO 5852 --- [main] c.a.c.n.registry.NacosServiceRegistry    : nacos registry, DEFAULT_GROUP item-service 192.168.204.1:8083 register finished
00:48:20:261  INFO 5852 --- [main] d.s.w.p.DocumentationPluginsBootstrapper : Documentation plugins bootstrapped
00:48:20:263  INFO 5852 --- [main] d.s.w.p.DocumentationPluginsBootstrapper : Found 1 custom documentation plugin(s)
00:48:20:288  INFO 5852 --- [main] s.d.s.w.s.ApiListingReferenceScanner     : Scanning for api listing references
00:48:20:406  INFO 5852 --- [main] com.hmall.item.ItemApplication           : Started ItemApplication in 6.267 seconds (JVM running for 7.792)
00:48:20:778  INFO 5852 --- [nacos-grpc-client-executor-8] com.alibaba.nacos.common.remote.client   : [59542669-87d7-45cf-b4ce-4c97c476ddc7] Receive server push request, request = NotifySubscriberRequest, requestId = 18
00:48:20:806  INFO 5852 --- [nacos-grpc-client-executor-8] com.alibaba.nacos.common.remote.client   : [59542669-87d7-45cf-b4ce-4c97c476ddc7] Ack server push request, request = NotifySubscriberRequest, requestId = 18
00:48:25:727  INFO 14828 --- [main] com.hmall.item.ItemApplication           : Starting ItemApplication using Java 21.0.2 on LAPTOP-19QE0TGJ with PID 14828 (D:\bobosenses\hmall\item-service\target\classes started by 46339 in D:\bobosenses\hmall)
00:48:25:730 DEBUG 14828 --- [main] com.hmall.item.ItemApplication           : Running with Spring Boot v2.7.12, Spring v5.3.27
00:48:25:731  INFO 14828 --- [main] com.hmall.item.ItemApplication           : The following 1 profile is active: "local"
00:48:27:028  INFO 14828 --- [main] o.s.cloud.context.scope.GenericScope     : BeanFactory id=6418036c-6533-3da5-a9d5-82fabe340369
00:48:27:490  INFO 14828 --- [main] o.s.b.w.embedded.tomcat.TomcatWebServer  : Tomcat initialized with port(s): 8081 (http)
00:48:27:501  INFO 14828 --- [main] o.apache.catalina.core.StandardService   : Starting service [Tomcat]
00:48:27:501  INFO 14828 --- [main] org.apache.catalina.core.StandardEngine  : Starting Servlet engine: [Apache Tomcat/9.0.75]
00:48:27:638  INFO 14828 --- [main] o.a.c.c.C.[Tomcat].[localhost].[/]       : Initializing Spring embedded WebApplicationContext
00:48:27:638  INFO 14828 --- [main] w.s.c.ServletWebServerApplicationContext : Root WebApplicationContext: initialization completed in 1830 ms
00:48:28:610  INFO 14828 --- [main] pertySourcedRequestMappingHandlerMapping : Mapped URL path [/v2/api-docs] onto method [springfox.documentation.swagger2.web.Swagger2ControllerWebMvc#getDocumentation(String, HttpServletRequest)]
00:48:28:851  INFO 14828 --- [main] com.alibaba.nacos.common.remote.client   : [RpcClientFactory] create a new rpc client of fc79d80e-b5b2-43e1-99b8-30355d68db95
00:48:28:914  INFO 14828 --- [main] org.reflections.Reflections              : Reflections took 33 ms to scan 1 urls, producing 3 keys and 6 values 
00:48:28:940  INFO 14828 --- [main] org.reflections.Reflections              : Reflections took 11 ms to scan 1 urls, producing 4 keys and 9 values 
00:48:28:959  INFO 14828 --- [main] org.reflections.Reflections              : Reflections took 16 ms to scan 1 urls, producing 3 keys and 10 values 
00:48:28:961  WARN 14828 --- [main] org.reflections.Reflections              : given scan urls are empty. set urls in the configuration
00:48:28:970  INFO 14828 --- [main] org.reflections.Reflections              : Reflections took 8 ms to scan 1 urls, producing 1 keys and 5 values 
00:48:28:980  INFO 14828 --- [main] org.reflections.Reflections              : Reflections took 9 ms to scan 1 urls, producing 1 keys and 7 values 
00:48:28:993  INFO 14828 --- [main] org.reflections.Reflections              : Reflections took 8 ms to scan 1 urls, producing 2 keys and 8 values 
00:48:28:994  WARN 14828 --- [main] org.reflections.Reflections              : given scan urls are empty. set urls in the configuration
00:48:28:995  INFO 14828 --- [main] com.alibaba.nacos.common.remote.client   : [fc79d80e-b5b2-43e1-99b8-30355d68db95] RpcClient init label, labels = {module=naming, source=sdk}
00:48:28:998  INFO 14828 --- [main] com.alibaba.nacos.common.remote.client   : [fc79d80e-b5b2-43e1-99b8-30355d68db95] RpcClient init, ServerListFactory = com.alibaba.nacos.client.naming.core.ServerListManager
00:48:28:998  INFO 14828 --- [main] com.alibaba.nacos.common.remote.client   : [fc79d80e-b5b2-43e1-99b8-30355d68db95] Registry connection listener to current client:com.alibaba.nacos.client.naming.remote.gprc.redo.NamingGrpcRedoService
00:48:28:998  INFO 14828 --- [main] com.alibaba.nacos.common.remote.client   : [fc79d80e-b5b2-43e1-99b8-30355d68db95] Register server push request handler:com.alibaba.nacos.client.naming.remote.gprc.NamingPushRequestHandler
00:48:28:999  INFO 14828 --- [main] com.alibaba.nacos.common.remote.client   : [fc79d80e-b5b2-43e1-99b8-30355d68db95] Try to connect to server on start up, server: {serverIp = '192.168.204.130', server main port = 8848}
00:48:29:746  INFO 14828 --- [main] com.alibaba.nacos.common.remote.client   : [fc79d80e-b5b2-43e1-99b8-30355d68db95] Success to connect to server [192.168.204.130:8848] on start up, connectionId = 1717473846437_192.168.204.1_7938
00:48:29:747  INFO 14828 --- [com.alibaba.nacos.client.remote.worker] com.alibaba.nacos.common.remote.client   : [fc79d80e-b5b2-43e1-99b8-30355d68db95] Notify connected event to listeners.
00:48:29:747  INFO 14828 --- [main] com.alibaba.nacos.common.remote.client   : [fc79d80e-b5b2-43e1-99b8-30355d68db95] Register server push request handler:com.alibaba.nacos.common.remote.client.RpcClient$ConnectResetRequestHandler
00:48:29:747  INFO 14828 --- [main] com.alibaba.nacos.common.remote.client   : [fc79d80e-b5b2-43e1-99b8-30355d68db95] Register server push request handler:com.alibaba.nacos.common.remote.client.RpcClient$$Lambda/0x000001f68178e150
00:48:29:813  INFO 14828 --- [main] o.s.b.w.embedded.tomcat.TomcatWebServer  : Tomcat started on port(s): 8081 (http) with context path ''
00:48:29:826  INFO 14828 --- [main] c.a.c.n.registry.NacosServiceRegistry    : nacos registry, DEFAULT_GROUP item-service 192.168.204.1:8081 register finished
00:48:29:830  INFO 14828 --- [main] d.s.w.p.DocumentationPluginsBootstrapper : Documentation plugins bootstrapped
00:48:29:832  INFO 14828 --- [main] d.s.w.p.DocumentationPluginsBootstrapper : Found 1 custom documentation plugin(s)
00:48:29:860  INFO 14828 --- [main] s.d.s.w.s.ApiListingReferenceScanner     : Scanning for api listing references
00:48:29:989  INFO 14828 --- [main] com.hmall.item.ItemApplication           : Started ItemApplication in 5.162 seconds (JVM running for 5.968)
00:48:30:303  INFO 5852 --- [nacos-grpc-client-executor-12] com.alibaba.nacos.common.remote.client   : [59542669-87d7-45cf-b4ce-4c97c476ddc7] Receive server push request, request = NotifySubscriberRequest, requestId = 20
00:48:30:311  INFO 5852 --- [nacos-grpc-client-executor-12] com.alibaba.nacos.common.remote.client   : [59542669-87d7-45cf-b4ce-4c97c476ddc7] Ack server push request, request = NotifySubscriberRequest, requestId = 20
00:48:30:313  INFO 14828 --- [nacos-grpc-client-executor-9] com.alibaba.nacos.common.remote.client   : [fc79d80e-b5b2-43e1-99b8-30355d68db95] Receive server push request, request = NotifySubscriberRequest, requestId = 19
00:48:30:320  INFO 14828 --- [nacos-grpc-client-executor-9] com.alibaba.nacos.common.remote.client   : [fc79d80e-b5b2-43e1-99b8-30355d68db95] Ack server push request, request = NotifySubscriberRequest, requestId = 19
00:49:15:108  INFO 14828 --- [http-nio-8081-exec-1] o.a.c.c.C.[Tomcat].[localhost].[/]       : Initializing Spring DispatcherServlet 'dispatcherServlet'
00:49:15:108  INFO 14828 --- [http-nio-8081-exec-1] o.s.web.servlet.DispatcherServlet        : Initializing Servlet 'dispatcherServlet'
00:49:15:110  INFO 14828 --- [http-nio-8081-exec-1] o.s.web.servlet.DispatcherServlet        : Completed initialization in 1 ms
00:49:15:205  INFO 14828 --- [http-nio-8081-exec-1] com.zaxxer.hikari.HikariDataSource       : HikariPool-1 - Starting...
00:49:15:530  INFO 14828 --- [http-nio-8081-exec-1] com.zaxxer.hikari.HikariDataSource       : HikariPool-1 - Start completed.
00:49:15:537 DEBUG 14828 --- [http-nio-8081-exec-1] c.h.i.mapper.ItemMapper.selectBatchIds   : ==>  Preparing: SELECT id,name,price,stock,image,category,brand,spec,sold,comment_count,isAD,status,create_time,update_time,creater,updater FROM item WHERE id IN ( ? )
00:49:15:565 DEBUG 14828 --- [http-nio-8081-exec-1] c.h.i.mapper.ItemMapper.selectBatchIds   : ==> Parameters: 100000006163(Long)
00:49:15:595 DEBUG 14828 --- [http-nio-8081-exec-1] c.h.i.mapper.ItemMapper.selectBatchIds   : <==      Total: 1
00:49:27:534  INFO 5852 --- [http-nio-8083-exec-1] o.a.c.c.C.[Tomcat].[localhost].[/]       : Initializing Spring DispatcherServlet 'dispatcherServlet'
00:49:27:534  INFO 5852 --- [http-nio-8083-exec-1] o.s.web.servlet.DispatcherServlet        : Initializing Servlet 'dispatcherServlet'
00:49:27:535  INFO 5852 --- [http-nio-8083-exec-1] o.s.web.servlet.DispatcherServlet        : Completed initialization in 1 ms
00:49:27:662  INFO 5852 --- [http-nio-8083-exec-1] com.zaxxer.hikari.HikariDataSource       : HikariPool-1 - Starting...
00:49:28:057  INFO 5852 --- [http-nio-8083-exec-1] com.zaxxer.hikari.HikariDataSource       : HikariPool-1 - Start completed.
00:49:28:067 DEBUG 5852 --- [http-nio-8083-exec-1] c.h.i.mapper.ItemMapper.selectBatchIds   : ==>  Preparing: SELECT id,name,price,stock,image,category,brand,spec,sold,comment_count,isAD,status,create_time,update_time,creater,updater FROM item WHERE id IN ( ? )
00:49:28:098 DEBUG 5852 --- [http-nio-8083-exec-1] c.h.i.mapper.ItemMapper.selectBatchIds   : ==> Parameters: 100000006163(Long)
00:49:28:132 DEBUG 5852 --- [http-nio-8083-exec-1] c.h.i.mapper.ItemMapper.selectBatchIds   : <==      Total: 1
00:49:28:629 DEBUG 14828 --- [http-nio-8081-exec-4] c.h.i.mapper.ItemMapper.selectBatchIds   : ==>  Preparing: SELECT id,name,price,stock,image,category,brand,spec,sold,comment_count,isAD,status,create_time,update_time,creater,updater FROM item WHERE id IN ( ? )
00:49:28:630 DEBUG 14828 --- [http-nio-8081-exec-4] c.h.i.mapper.ItemMapper.selectBatchIds   : ==> Parameters: 100000006163(Long)
00:49:28:635 DEBUG 14828 --- [http-nio-8081-exec-4] c.h.i.mapper.ItemMapper.selectBatchIds   : <==      Total: 1
00:49:29:377 DEBUG 5852 --- [http-nio-8083-exec-4] c.h.i.mapper.ItemMapper.selectBatchIds   : ==>  Preparing: SELECT id,name,price,stock,image,category,brand,spec,sold,comment_count,isAD,status,create_time,update_time,creater,updater FROM item WHERE id IN ( ? )
00:49:29:378 DEBUG 5852 --- [http-nio-8083-exec-4] c.h.i.mapper.ItemMapper.selectBatchIds   : ==> Parameters: 100000006163(Long)
00:49:29:384 DEBUG 5852 --- [http-nio-8083-exec-4] c.h.i.mapper.ItemMapper.selectBatchIds   : <==      Total: 1
00:49:30:052 DEBUG 14828 --- [http-nio-8081-exec-7] c.h.i.mapper.ItemMapper.selectBatchIds   : ==>  Preparing: SELECT id,name,price,stock,image,category,brand,spec,sold,comment_count,isAD,status,create_time,update_time,creater,updater FROM item WHERE id IN ( ? )
00:49:30:053 DEBUG 14828 --- [http-nio-8081-exec-7] c.h.i.mapper.ItemMapper.selectBatchIds   : ==> Parameters: 100000006163(Long)
00:49:30:058 DEBUG 14828 --- [http-nio-8081-exec-7] c.h.i.mapper.ItemMapper.selectBatchIds   : <==      Total: 1
00:49:30:680 DEBUG 5852 --- [http-nio-8083-exec-6] c.h.i.mapper.ItemMapper.selectBatchIds   : ==>  Preparing: SELECT id,name,price,stock,image,category,brand,spec,sold,comment_count,isAD,status,create_time,update_time,creater,updater FROM item WHERE id IN ( ? )
00:49:30:681 DEBUG 5852 --- [http-nio-8083-exec-6] c.h.i.mapper.ItemMapper.selectBatchIds   : ==> Parameters: 100000006163(Long)
00:49:30:687 DEBUG 5852 --- [http-nio-8083-exec-6] c.h.i.mapper.ItemMapper.selectBatchIds   : <==      Total: 1
00:49:31:616 DEBUG 14828 --- [http-nio-8081-exec-8] c.h.i.mapper.ItemMapper.selectBatchIds   : ==>  Preparing: SELECT id,name,price,stock,image,category,brand,spec,sold,comment_count,isAD,status,create_time,update_time,creater,updater FROM item WHERE id IN ( ? )
00:49:31:617 DEBUG 14828 --- [http-nio-8081-exec-8] c.h.i.mapper.ItemMapper.selectBatchIds   : ==> Parameters: 100000006163(Long)
00:49:31:621 DEBUG 14828 --- [http-nio-8081-exec-8] c.h.i.mapper.ItemMapper.selectBatchIds   : <==      Total: 1
00:49:32:169 DEBUG 5852 --- [http-nio-8083-exec-9] c.h.i.mapper.ItemMapper.selectBatchIds   : ==>  Preparing: SELECT id,name,price,stock,image,category,brand,spec,sold,comment_count,isAD,status,create_time,update_time,creater,updater FROM item WHERE id IN ( ? )
00:49:32:170 DEBUG 5852 --- [http-nio-8083-exec-9] c.h.i.mapper.ItemMapper.selectBatchIds   : ==> Parameters: 100000006163(Long)
00:49:32:176 DEBUG 5852 --- [http-nio-8083-exec-9] c.h.i.mapper.ItemMapper.selectBatchIds   : <==      Total: 1
00:49:32:819 DEBUG 14828 --- [http-nio-8081-exec-10] c.h.i.mapper.ItemMapper.selectBatchIds   : ==>  Preparing: SELECT id,name,price,stock,image,category,brand,spec,sold,comment_count,isAD,status,create_time,update_time,creater,updater FROM item WHERE id IN ( ? )
00:49:32:820 DEBUG 14828 --- [http-nio-8081-exec-10] c.h.i.mapper.ItemMapper.selectBatchIds   : ==> Parameters: 100000006163(Long)
00:49:32:825 DEBUG 14828 --- [http-nio-8081-exec-10] c.h.i.mapper.ItemMapper.selectBatchIds   : <==      Total: 1
00:49:33:448 DEBUG 5852 --- [http-nio-8083-exec-5] c.h.i.mapper.ItemMapper.selectBatchIds   : ==>  Preparing: SELECT id,name,price,stock,image,category,brand,spec,sold,comment_count,isAD,status,create_time,update_time,creater,updater FROM item WHERE id IN ( ? )
00:49:33:448 DEBUG 5852 --- [http-nio-8083-exec-5] c.h.i.mapper.ItemMapper.selectBatchIds   : ==> Parameters: 100000006163(Long)
00:49:33:452 DEBUG 5852 --- [http-nio-8083-exec-5] c.h.i.mapper.ItemMapper.selectBatchIds   : <==      Total: 1
00:49:34:076 DEBUG 14828 --- [http-nio-8081-exec-6] c.h.i.mapper.ItemMapper.selectBatchIds   : ==>  Preparing: SELECT id,name,price,stock,image,category,brand,spec,sold,comment_count,isAD,status,create_time,update_time,creater,updater FROM item WHERE id IN ( ? )
00:49:34:077 DEBUG 14828 --- [http-nio-8081-exec-6] c.h.i.mapper.ItemMapper.selectBatchIds   : ==> Parameters: 100000006163(Long)
00:49:34:080 DEBUG 14828 --- [http-nio-8081-exec-6] c.h.i.mapper.ItemMapper.selectBatchIds   : <==      Total: 1
01:18:28:425 DEBUG 5852 --- [http-nio-8083-exec-7] c.h.i.mapper.ItemMapper.selectBatchIds   : ==>  Preparing: SELECT id,name,price,stock,image,category,brand,spec,sold,comment_count,isAD,status,create_time,update_time,creater,updater FROM item WHERE id IN ( ? )
01:18:28:426 DEBUG 5852 --- [http-nio-8083-exec-7] c.h.i.mapper.ItemMapper.selectBatchIds   : ==> Parameters: 100000006163(Long)
01:18:28:482 DEBUG 5852 --- [http-nio-8083-exec-7] c.h.i.mapper.ItemMapper.selectBatchIds   : <==      Total: 1
01:18:29:691 DEBUG 14828 --- [http-nio-8081-exec-5] c.h.i.mapper.ItemMapper.selectBatchIds   : ==>  Preparing: SELECT id,name,price,stock,image,category,brand,spec,sold,comment_count,isAD,status,create_time,update_time,creater,updater FROM item WHERE id IN ( ? )
01:18:29:692 DEBUG 14828 --- [http-nio-8081-exec-5] c.h.i.mapper.ItemMapper.selectBatchIds   : ==> Parameters: 100000006163(Long)
01:18:29:706 DEBUG 14828 --- [http-nio-8081-exec-5] c.h.i.mapper.ItemMapper.selectBatchIds   : <==      Total: 1
01:18:30:697 DEBUG 5852 --- [http-nio-8083-exec-8] c.h.i.mapper.ItemMapper.selectBatchIds   : ==>  Preparing: SELECT id,name,price,stock,image,category,brand,spec,sold,comment_count,isAD,status,create_time,update_time,creater,updater FROM item WHERE id IN ( ? )
01:18:30:697 DEBUG 5852 --- [http-nio-8083-exec-8] c.h.i.mapper.ItemMapper.selectBatchIds   : ==> Parameters: 100000006163(Long)
01:18:30:702 DEBUG 5852 --- [http-nio-8083-exec-8] c.h.i.mapper.ItemMapper.selectBatchIds   : <==      Total: 1
01:26:52:972 DEBUG 5852 --- [http-nio-8083-exec-10] c.h.i.mapper.ItemMapper.selectBatchIds   : ==>  Preparing: SELECT id,name,price,stock,image,category,brand,spec,sold,comment_count,isAD,status,create_time,update_time,creater,updater FROM item WHERE id IN ( ? )
01:26:52:973 DEBUG 5852 --- [http-nio-8083-exec-10] c.h.i.mapper.ItemMapper.selectBatchIds   : ==> Parameters: 100000006163(Long)
01:26:52:988 DEBUG 5852 --- [http-nio-8083-exec-10] c.h.i.mapper.ItemMapper.selectBatchIds   : <==      Total: 1
01:29:20:351  WARN 14828 --- [Thread-4] c.a.nacos.common.notify.NotifyCenter     : [NotifyCenter] Start destroying Publisher
01:29:20:351  WARN 14828 --- [Thread-7] c.a.n.common.http.HttpClientBeanHolder   : [HttpClientBeanHolder] Start destroying common HttpClient
01:29:20:352  WARN 14828 --- [Thread-4] c.a.nacos.common.notify.NotifyCenter     : [NotifyCenter] Destruction of the end
01:29:20:352  WARN 14828 --- [Thread-7] c.a.n.common.http.HttpClientBeanHolder   : [HttpClientBeanHolder] Destruction of the end
01:29:20:361  WARN 5852 --- [Thread-7] c.a.n.common.http.HttpClientBeanHolder   : [HttpClientBeanHolder] Start destroying common HttpClient
01:29:20:362  WARN 5852 --- [Thread-4] c.a.nacos.common.notify.NotifyCenter     : [NotifyCenter] Start destroying Publisher
01:29:20:362  WARN 5852 --- [Thread-4] c.a.nacos.common.notify.NotifyCenter     : [NotifyCenter] Destruction of the end
01:29:20:363  WARN 5852 --- [Thread-7] c.a.n.common.http.HttpClientBeanHolder   : [HttpClientBeanHolder] Destruction of the end
01:29:20:380  INFO 14828 --- [SpringApplicationShutdownHook] c.a.c.n.registry.NacosServiceRegistry    : De-registering from Nacos Server now...
01:29:20:389  INFO 5852 --- [SpringApplicationShutdownHook] c.a.c.n.registry.NacosServiceRegistry    : De-registering from Nacos Server now...
01:29:20:488  INFO 5852 --- [SpringApplicationShutdownHook] c.a.c.n.registry.NacosServiceRegistry    : De-registration finished.
01:29:20:490  INFO 14828 --- [SpringApplicationShutdownHook] c.a.c.n.registry.NacosServiceRegistry    : De-registration finished.
01:29:20:827  INFO 14828 --- [SpringApplicationShutdownHook] com.alibaba.nacos.common.remote.client   : Shutdown rpc client, set status to shutdown
01:29:20:827  INFO 14828 --- [SpringApplicationShutdownHook] com.alibaba.nacos.common.remote.client   : Shutdown client event executor java.util.concurrent.ScheduledThreadPoolExecutor@451af781[Running, pool size = 2, active threads = 2, queued tasks = 0, completed tasks = 0]
01:29:20:827  INFO 14828 --- [SpringApplicationShutdownHook] com.alibaba.nacos.common.remote.client   : Close current connection 1717473846437_192.168.204.1_7938
01:29:20:827  INFO 5852 --- [SpringApplicationShutdownHook] com.alibaba.nacos.common.remote.client   : Shutdown rpc client, set status to shutdown
01:29:20:827  INFO 5852 --- [SpringApplicationShutdownHook] com.alibaba.nacos.common.remote.client   : Shutdown client event executor java.util.concurrent.ScheduledThreadPoolExecutor@672d8370[Running, pool size = 2, active threads = 2, queued tasks = 0, completed tasks = 0]
01:29:20:827  INFO 5852 --- [SpringApplicationShutdownHook] com.alibaba.nacos.common.remote.client   : Close current connection 1717473836058_192.168.204.1_7929
01:29:20:831  INFO 5852 --- [SpringApplicationShutdownHook] c.a.n.c.remote.client.grpc.GrpcClient    : Shutdown grpc executor java.util.concurrent.ThreadPoolExecutor@77d959f1[Running, pool size = 4, active threads = 0, queued tasks = 0, completed tasks = 535]
01:29:20:831  INFO 14828 --- [SpringApplicationShutdownHook] c.a.n.c.remote.client.grpc.GrpcClient    : Shutdown grpc executor java.util.concurrent.ThreadPoolExecutor@22002459[Running, pool size = 3, active threads = 0, queued tasks = 0, completed tasks = 526]
01:29:20:837  INFO 5852 --- [SpringApplicationShutdownHook] com.zaxxer.hikari.HikariDataSource       : HikariPool-1 - Shutdown initiated...
01:29:20:837  INFO 14828 --- [SpringApplicationShutdownHook] com.zaxxer.hikari.HikariDataSource       : HikariPool-1 - Shutdown initiated...
01:29:20:856  INFO 14828 --- [SpringApplicationShutdownHook] com.zaxxer.hikari.HikariDataSource       : HikariPool-1 - Shutdown completed.
01:29:20:867  INFO 5852 --- [SpringApplicationShutdownHook] com.zaxxer.hikari.HikariDataSource       : HikariPool-1 - Shutdown completed.
