00:22:01:138 DEBUG 18000 --- [http-nio-8084-exec-5] c.h.user.mapper.UserMapper.selectList    : ==>  Preparing: SELECT id,username,password,phone,create_time,update_time,status,balance FROM user WHERE (username = ?)
00:22:01:142 DEBUG 18000 --- [http-nio-8084-exec-5] c.h.user.mapper.UserMapper.selectList    : ==> Parameters: rose(String)
00:22:01:214 DEBUG 18000 --- [http-nio-8084-exec-5] c.h.user.mapper.UserMapper.selectList    : <==      Total: 1
00:22:25:135 DEBUG 18000 --- [http-nio-8084-exec-6] c.h.u.mapper.AddressMapper.selectList    : ==>  Preparing: SELECT id,user_id,province,city,town,mobile,street,contact,is_default,notes FROM address WHERE (user_id = ?)
00:22:25:135 DEBUG 18000 --- [http-nio-8084-exec-6] c.h.u.mapper.AddressMapper.selectList    : ==> Parameters: 2(Long)
00:22:25:142 DEBUG 18000 --- [http-nio-8084-exec-6] c.h.u.mapper.AddressMapper.selectList    : <==      Total: 0
00:23:17:545 DEBUG 18000 --- [http-nio-8084-exec-8] c.h.u.mapper.AddressMapper.selectList    : ==>  Preparing: SELECT id,user_id,province,city,town,mobile,street,contact,is_default,notes FROM address WHERE (user_id = ?)
00:23:17:546 DEBUG 18000 --- [http-nio-8084-exec-8] c.h.u.mapper.AddressMapper.selectList    : ==> Parameters: 2(Long)
00:23:17:547 DEBUG 18000 --- [http-nio-8084-exec-8] c.h.u.mapper.AddressMapper.selectList    : <==      Total: 0
00:24:06:528 DEBUG 18000 --- [http-nio-8084-exec-9] c.h.u.mapper.AddressMapper.selectList    : ==>  Preparing: SELECT id,user_id,province,city,town,mobile,street,contact,is_default,notes FROM address WHERE (user_id = ?)
00:24:06:530 DEBUG 18000 --- [http-nio-8084-exec-9] c.h.u.mapper.AddressMapper.selectList    : ==> Parameters: 2(Long)
00:24:06:538 DEBUG 18000 --- [http-nio-8084-exec-9] c.h.u.mapper.AddressMapper.selectList    : <==      Total: 0
00:27:48:262 DEBUG 18000 --- [http-nio-8084-exec-1] c.h.u.mapper.AddressMapper.selectList    : ==>  Preparing: SELECT id,user_id,province,city,town,mobile,street,contact,is_default,notes FROM address WHERE (user_id = ?)
00:27:48:262 DEBUG 18000 --- [http-nio-8084-exec-1] c.h.u.mapper.AddressMapper.selectList    : ==> Parameters: 2(Long)
00:27:48:265 DEBUG 18000 --- [http-nio-8084-exec-1] c.h.u.mapper.AddressMapper.selectList    : <==      Total: 0
00:28:31:202 DEBUG 18000 --- [http-nio-8084-exec-2] c.h.u.mapper.AddressMapper.selectList    : ==>  Preparing: SELECT id,user_id,province,city,town,mobile,street,contact,is_default,notes FROM address WHERE (user_id = ?)
00:28:31:202 DEBUG 18000 --- [http-nio-8084-exec-2] c.h.u.mapper.AddressMapper.selectList    : ==> Parameters: 2(Long)
00:28:31:203 DEBUG 18000 --- [http-nio-8084-exec-2] c.h.u.mapper.AddressMapper.selectList    : <==      Total: 0
01:48:05:128  WARN 18000 --- [Thread-7] c.a.n.common.http.HttpClientBeanHolder   : [HttpClientBeanHolder] Start destroying common HttpClient
01:48:05:128  WARN 18000 --- [Thread-4] c.a.nacos.common.notify.NotifyCenter     : [NotifyCenter] Start destroying Publisher
01:48:05:129  WARN 18000 --- [Thread-4] c.a.nacos.common.notify.NotifyCenter     : [NotifyCenter] Destruction of the end
01:48:05:130  WARN 18000 --- [Thread-7] c.a.n.common.http.HttpClientBeanHolder   : [HttpClientBeanHolder] Destruction of the end
01:48:05:209  INFO 18000 --- [SpringApplicationShutdownHook] c.a.c.n.registry.NacosServiceRegistry    : De-registering from Nacos Server now...
01:48:05:255  INFO 18000 --- [SpringApplicationShutdownHook] c.a.c.n.registry.NacosServiceRegistry    : De-registration finished.
01:48:05:581  INFO 18000 --- [SpringApplicationShutdownHook] com.alibaba.nacos.common.remote.client   : Shutdown rpc client, set status to shutdown
01:48:05:581  INFO 18000 --- [SpringApplicationShutdownHook] com.alibaba.nacos.common.remote.client   : Shutdown client event executor java.util.concurrent.ScheduledThreadPoolExecutor@37ade216[Running, pool size = 2, active threads = 2, queued tasks = 0, completed tasks = 0]
01:48:05:581  INFO 18000 --- [SpringApplicationShutdownHook] com.alibaba.nacos.common.remote.client   : Close current connection 1717547660053_192.168.204.1_2264
01:48:05:583  INFO 18000 --- [SpringApplicationShutdownHook] c.a.n.c.remote.client.grpc.GrpcClient    : Shutdown grpc executor java.util.concurrent.ThreadPoolExecutor@2de7fe0e[Running, pool size = 4, active threads = 0, queued tasks = 0, completed tasks = 7675]
01:48:05:588  INFO 18000 --- [SpringApplicationShutdownHook] com.zaxxer.hikari.HikariDataSource       : HikariPool-1 - Shutdown initiated...
01:48:05:616  INFO 18000 --- [SpringApplicationShutdownHook] com.zaxxer.hikari.HikariDataSource       : HikariPool-1 - Shutdown completed.
